<?xml version="1.0" encoding="UTF-8"?>
<!-- Generated by org.testng.reporters.JUnitXMLReporter -->
<testsuite hostname="ASCDK025" name="RegressionSuit1" tests="2" failures="0" timestamp="4 May 2015 06:58:13 GMT" time="11.055" errors="0">
  <testcase name="verifyloginpage" time="6.048" classname="firsttestngpackage.SingleScriptMultipleTestCases"/>
  <testcase name="enterlogincredentials" time="4.975" classname="firsttestngpackage.SingleScriptMultipleTestCases"/>
</testsuite> <!-- RegressionSuit1 -->
