<?xml version="1.0" encoding="UTF-8"?>
<!-- Generated by org.testng.reporters.JUnitXMLReporter -->
<testsuite hostname="ASCDK025" name="RegressionSuit" tests="2" failures="0" timestamp="24 Apr 2015 09:53:51 GMT" time="6.615" errors="0">
  <testcase name="verifyloginpage" time="2.231" classname="firsttestngpackage.TestNGSuitCompleteTestCases"/>
  <testcase name="enterlogincredentials" time="4.384" classname="firsttestngpackage.TestNGSuitCompleteTestCases"/>
</testsuite> <!-- RegressionSuit -->
