<?xml version="1.0" encoding="UTF-8"?>
<!-- Generated by org.testng.reporters.JUnitXMLReporter -->
<testsuite hostname="ASCDK025" name="ModuleI" tests="3" failures="0" timestamp="8 Jul 2015 12:10:16 GMT" time="9.113" errors="0">
  <testcase name="verifyhomepagesecondlink" time="6.455" classname="firsttestngpackage.FirstTestNGFile"/>
  <testcase name="verifyhomepagefirstlink" time="1.281" classname="firsttestngpackage.FirstTestNGFile"/>
  <testcase name="verifyhomepagetitle" time="1.346" classname="firsttestngpackage.FirstTestNGFile"/>
</testsuite> <!-- ModuleI -->
