<?xml version="1.0" encoding="UTF-8"?>
<testng-results skipped="0" failed="0" total="1" passed="1">
  <reporter-output>
  </reporter-output>
  <suite name="Default suite" duration-ms="483" started-at="2015-11-18T09:10:59Z" finished-at="2015-11-18T09:10:59Z">
    <groups>
    </groups>
    <test name="Default test" duration-ms="483" started-at="2015-11-18T09:10:59Z" finished-at="2015-11-18T09:10:59Z">
      <class name="firsttestngpackage.ReadWriteExcelFile">
        <test-method status="PASS" signature="writeExcel()[pri:0, instance:firsttestngpackage.ReadWriteExcelFile@5d52a1b7]" name="writeExcel" duration-ms="468" started-at="2015-11-18T14:40:59Z" finished-at="2015-11-18T14:40:59Z">
          <reporter-output>
          </reporter-output>
        </test-method> <!-- writeExcel -->
      </class> <!-- firsttestngpackage.ReadWriteExcelFile -->
    </test> <!-- Default test -->
  </suite> <!-- Default suite -->
</testng-results>
