<?xml version="1.0" encoding="UTF-8"?>
<!-- Generated by org.testng.reporters.JUnitXMLReporter -->
<testsuite hostname="ASCDK025" name="RegressionSuit2(failed)" tests="3" failures="0" timestamp="24 Apr 2015 10:01:24 GMT" time="14.618" errors="0">
  <testcase name="verifyhomepagesecondlink" time="11.31" classname="firsttestngpackage.FirstTestNGFile"/>
  <testcase name="verifyhomepagefirstlink" time="1.529" classname="firsttestngpackage.FirstTestNGFile"/>
  <testcase name="verifyhomepagetitle" time="1.763" classname="firsttestngpackage.FirstTestNGFile"/>
</testsuite> <!-- RegressionSuit2(failed) -->
